<?xml version="1.0" encoding="UTF-8"?>
<!DOCTYPE coverage SYSTEM "https://raw.githubusercontent.com/cobertura/cobertura/master/cobertura/src/site/htdocs/xml/coverage-04.dtd">
<coverage line-rate="0.925" branch-rate="0" lines-covered="37" lines-valid="40" branches-covered="0" branches-valid="0" complexity="0" version="3.6.4" timestamp="2025-09-16 17:29:47.760473">
  <sources>
    <source>/home/shawa11/projects/bakerrr</source>
  </sources>
  <packages>
    <package name="bakerrr" line-rate="0.925" branch-rate="0" complexity="0">
      <classes>
        <class name="01_bakerrr.R" filename="R/01_bakerrr.R" line-rate="1" branch-rate="0" complexity="0">
          <methods>
            <method name="bakerrr" signature="" line-rate="1" branch-rate="0" complexity="0">
              <lines>
                <line number="75" hits="8" branch="false"/>
                <line number="76" hits="8" branch="false"/>
                <line number="77" hits="8" branch="false"/>
                <line number="78" hits="8" branch="false"/>
                <line number="79" hits="8" branch="false"/>
                <line number="80" hits="8" branch="false"/>
                <line number="81" hits="8" branch="false"/>
                <line number="82" hits="8" branch="false"/>
              </lines>
            </method>
          </methods>
          <lines>
            <line number="75" hits="8" branch="false"/>
            <line number="76" hits="8" branch="false"/>
            <line number="77" hits="8" branch="false"/>
            <line number="78" hits="8" branch="false"/>
            <line number="79" hits="8" branch="false"/>
            <line number="80" hits="8" branch="false"/>
            <line number="81" hits="8" branch="false"/>
            <line number="82" hits="8" branch="false"/>
          </lines>
        </class>
        <class name="run_jobs.R" filename="R/run_jobs.R" line-rate="1" branch-rate="0" complexity="0">
          <methods>
            <method name="bg_func" signature="" line-rate="1" branch-rate="0" complexity="0">
              <lines>
                <line number="16" hits="2" branch="false"/>
                <line number="17" hits="2" branch="false"/>
                <line number="18" hits="2" branch="false"/>
                <line number="19" hits="2" branch="false"/>
                <line number="20" hits="2" branch="false"/>
                <line number="21" hits="2" branch="false"/>
                <line number="22" hits="2" branch="false"/>
                <line number="23" hits="2" branch="false"/>
                <line number="24" hits="1" branch="false"/>
                <line number="25" hits="1" branch="false"/>
                <line number="26" hits="1" branch="false"/>
                <line number="27" hits="2" branch="false"/>
                <line number="28" hits="2" branch="false"/>
                <line number="29" hits="2" branch="false"/>
                <line number="30" hits="2" branch="false"/>
              </lines>
            </method>
          </methods>
          <lines>
            <line number="16" hits="2" branch="false"/>
            <line number="17" hits="2" branch="false"/>
            <line number="18" hits="2" branch="false"/>
            <line number="19" hits="2" branch="false"/>
            <line number="20" hits="2" branch="false"/>
            <line number="21" hits="2" branch="false"/>
            <line number="22" hits="2" branch="false"/>
            <line number="23" hits="2" branch="false"/>
            <line number="24" hits="1" branch="false"/>
            <line number="25" hits="1" branch="false"/>
            <line number="26" hits="1" branch="false"/>
            <line number="27" hits="2" branch="false"/>
            <line number="28" hits="2" branch="false"/>
            <line number="29" hits="2" branch="false"/>
            <line number="30" hits="2" branch="false"/>
          </lines>
        </class>
        <class name="utils.R" filename="R/utils.R" line-rate="0.846153846153846" branch-rate="0" complexity="0">
          <methods>
            <method name="bakerrr_path" signature="" line-rate="1" branch-rate="0" complexity="0">
              <lines>
                <line number="3" hits="3" branch="false"/>
                <line number="4" hits="3" branch="false"/>
                <line number="5" hits="3" branch="false"/>
                <line number="6" hits="3" branch="false"/>
                <line number="7" hits="3" branch="false"/>
              </lines>
            </method>
            <method name="load_config" signature="" line-rate="0.714285714285714" branch-rate="0" complexity="0">
              <lines>
                <line number="11" hits="2" branch="false"/>
                <line number="12" hits="2" branch="false"/>
                <line number="13" hits="2" branch="false"/>
                <line number="15" hits="2" branch="false"/>
                <line number="16" hits="2" branch="false"/>
                <line number="18" hits="0" branch="false"/>
                <line number="19" hits="0" branch="false"/>
              </lines>
            </method>
            <method name="get_print_constants" signature="" line-rate="1" branch-rate="0" complexity="0">
              <lines>
                <line number="26" hits="2" branch="false"/>
              </lines>
            </method>
          </methods>
          <lines>
            <line number="3" hits="3" branch="false"/>
            <line number="4" hits="3" branch="false"/>
            <line number="5" hits="3" branch="false"/>
            <line number="6" hits="3" branch="false"/>
            <line number="7" hits="3" branch="false"/>
            <line number="11" hits="2" branch="false"/>
            <line number="12" hits="2" branch="false"/>
            <line number="13" hits="2" branch="false"/>
            <line number="15" hits="2" branch="false"/>
            <line number="16" hits="2" branch="false"/>
            <line number="18" hits="0" branch="false"/>
            <line number="19" hits="0" branch="false"/>
            <line number="26" hits="2" branch="false"/>
          </lines>
        </class>
        <class name="zzz.R" filename="R/zzz.R" line-rate="0.75" branch-rate="0" complexity="0">
          <methods>
            <method name=".onLoad" signature="" line-rate="0" branch-rate="0" complexity="0">
              <lines>
                <line number="3" hits="0" branch="false"/>
              </lines>
            </method>
            <method name=".onAttach" signature="" line-rate="1" branch-rate="0" complexity="0">
              <lines>
                <line number="7" hits="2" branch="false"/>
                <line number="8" hits="2" branch="false"/>
                <line number="9" hits="2" branch="false"/>
              </lines>
            </method>
          </methods>
          <lines>
            <line number="3" hits="0" branch="false"/>
            <line number="7" hits="2" branch="false"/>
            <line number="8" hits="2" branch="false"/>
            <line number="9" hits="2" branch="false"/>
          </lines>
        </class>
      </classes>
    </package>
  </packages>
</coverage>
